<?xml version="1.0" encoding="utf-8"?><testsuites name="pytest tests"><testsuite name="pytest" errors="0" failures="1" skipped="0" tests="1" time="0.833" timestamp="2025-06-29T22:24:41.331601+08:00" hostname="DESKTOP-37HRD99"><testcase classname="backend.test_main" name="test_ping" time="0.012"><failure message="assert 200 == 400&#10; +  where 200 = &lt;Response [200 OK]&gt;.status_code">backend\test_main.py:8: in test_ping
    assert response.status_code == 400
E   assert 200 == 400
E    +  where 200 = &lt;Response [200 OK]&gt;.status_code</failure></testcase></testsuite></testsuites>